<?xml version="1.0" encoding="UTF-8"?>
<!-- Generated by org.testng.reporters.JUnitReportReporter -->
<testsuite hostname="DESKTOP-CSNSMDB" failures="0" tests="1" name="org.fiservTests.com.GooleSearchItemTest" time="7.285" errors="0" timestamp="2021-08-24T22:00:24 IST" skipped="0">
  <testcase classname="org.fiservTests.com.GooleSearchItemTest" name="googleSearchItemTest" time="7.285"/>
  <system-out/>
</testsuite> <!-- org.fiservTests.com.GooleSearchItemTest -->
